<?xml version="1.0" encoding="UTF-8"?>
<!-- Generated by org.testng.reporters.JUnitReportReporter -->
<testsuite hostname="DESKTOP-L9L7L9E" failures="0" tests="1" name="Test.prioritizeTestcase" time="0.002" errors="0" timestamp="2024-11-10T19:33:40 IST" skipped="0">
  <testcase classname="Test.prioritizeTestcase" name="regressiontc" time="0.002"/>
  <system-out/>
</testsuite> <!-- Test.prioritizeTestcase -->
