<?xml version="1.0" encoding="UTF-8"?>
<!-- Generated by org.testng.reporters.JUnitReportReporter -->
<testsuite hostname="DESKTOP-L9L7L9E" failures="0" tests="3" name="Test.Dataprovider" time="0.025" errors="0" timestamp="2024-11-10T19:33:13 IST" skipped="0">
  <testcase classname="Test.Dataprovider" name="webLogin" time="0.002"/>
  <system-out/>
  <testcase classname="Test.Dataprovider" name="webLogin" time="0.016"/>
  <system-out/>
  <testcase classname="Test.Dataprovider" name="webLogin" time="0.007"/>
  <system-out/>
</testsuite> <!-- Test.Dataprovider -->
