<?xml version="1.0" encoding="UTF-8"?>
<!-- Generated by org.testng.reporters.JUnitReportReporter -->
<testsuite hostname="DESKTOP-L9L7L9E" failures="0" tests="2" name="Test.GroupsUsage" time="0.017" errors="0" timestamp="2024-11-10T19:33:40 IST" skipped="1">
  <testcase classname="Test.GroupsUsage" name="regressiontc" time="0.017"/>
  <system-out/>
  <testcase classname="Test.GroupsUsage" name="bugtc">
    <skipped/>
  </testcase> <!-- bugtc -->
  <system-out/>
</testsuite> <!-- Test.GroupsUsage -->
